<?xml version="1.0" encoding="UTF-8"?>
<testng-results skipped="0" failed="5" total="5" passed="0">
  <reporter-output>
  </reporter-output>
  <suite name="Default suite" duration-ms="49942" started-at="2017-01-12T00:29:05Z" finished-at="2017-01-12T00:29:55Z">
    <groups>
    </groups>
    <test name="Default test" duration-ms="49942" started-at="2017-01-12T00:29:05Z" finished-at="2017-01-12T00:29:55Z">
      <class name="com.LinkedIn.testScripts.AtLoginInvalidBlank">
        <test-method status="PASS" signature="openBrowser()[pri:0, instance:com.LinkedIn.testScripts.AtLoginInvalidBlank@3d8c7aca]" name="openBrowser" is-config="true" duration-ms="9359" started-at="2017-01-11T16:29:26Z" finished-at="2017-01-11T16:29:35Z">
          <reporter-output>
          </reporter-output>
        </test-method> <!-- openBrowser -->
        <test-method status="FAIL" signature="loginInvalidBlankTest()[pri:0, instance:com.LinkedIn.testScripts.AtLoginInvalidBlank@3d8c7aca]" name="loginInvalidBlankTest" duration-ms="4" started-at="2017-01-11T16:29:35Z" finished-at="2017-01-11T16:29:35Z">
          <exception class="java.io.FileNotFoundException">
            <message>
              <![CDATA[.\BrowserAndURL.xlsx (The system cannot find the file specified)]]>
            </message>
            <full-stacktrace>
              <![CDATA[java.io.FileNotFoundException: .\BrowserAndURL.xlsx (The system cannot find the file specified)
	at java.io.FileInputStream.open0(Native Method)
	at java.io.FileInputStream.open(Unknown Source)
	at java.io.FileInputStream.<init>(Unknown Source)
	at java.io.FileInputStream.<init>(Unknown Source)
	at com.LinkedIn.utilLibrary.GenericUtilLibrary.getCellValue(GenericUtilLibrary.java:15)
	at com.LinkedIn.testScripts.AtLoginInvalidBlank.loginInvalidBlankTest(AtLoginInvalidBlank.java:19)
	at sun.reflect.NativeMethodAccessorImpl.invoke0(Native Method)
	at sun.reflect.NativeMethodAccessorImpl.invoke(Unknown Source)
	at sun.reflect.DelegatingMethodAccessorImpl.invoke(Unknown Source)
	at java.lang.reflect.Method.invoke(Unknown Source)
	at org.testng.internal.MethodInvocationHelper.invokeMethod(MethodInvocationHelper.java:85)
	at org.testng.internal.Invoker.invokeMethod(Invoker.java:648)
	at org.testng.internal.Invoker.invokeTestMethod(Invoker.java:834)
	at org.testng.internal.Invoker.invokeTestMethods(Invoker.java:1142)
	at org.testng.internal.TestMethodWorker.invokeTestMethods(TestMethodWorker.java:124)
	at org.testng.internal.TestMethodWorker.run(TestMethodWorker.java:108)
	at org.testng.TestRunner.privateRun(TestRunner.java:771)
	at org.testng.TestRunner.run(TestRunner.java:621)
	at org.testng.SuiteRunner.runTest(SuiteRunner.java:357)
	at org.testng.SuiteRunner.runSequentially(SuiteRunner.java:352)
	at org.testng.SuiteRunner.privateRun(SuiteRunner.java:310)
	at org.testng.SuiteRunner.run(SuiteRunner.java:259)
	at org.testng.SuiteRunnerWorker.runSuite(SuiteRunnerWorker.java:52)
	at org.testng.SuiteRunnerWorker.run(SuiteRunnerWorker.java:86)
	at org.testng.TestNG.runSuitesSequentially(TestNG.java:1176)
	at org.testng.TestNG.runSuitesLocally(TestNG.java:1101)
	at org.testng.TestNG.run(TestNG.java:1009)
	at org.testng.remote.RemoteTestNG.run(RemoteTestNG.java:111)
	at org.testng.remote.RemoteTestNG.initAndRun(RemoteTestNG.java:204)
	at org.testng.remote.RemoteTestNG.main(RemoteTestNG.java:175)
]]>
            </full-stacktrace>
          </exception> <!-- java.io.FileNotFoundException -->
          <reporter-output>
          </reporter-output>
        </test-method> <!-- loginInvalidBlankTest -->
        <test-method status="PASS" signature="closeBrowser()[pri:0, instance:com.LinkedIn.testScripts.AtLoginInvalidBlank@3d8c7aca]" name="closeBrowser" is-config="true" duration-ms="452" started-at="2017-01-11T16:29:35Z" finished-at="2017-01-11T16:29:36Z">
          <reporter-output>
          </reporter-output>
        </test-method> <!-- closeBrowser -->
      </class> <!-- com.LinkedIn.testScripts.AtLoginInvalidBlank -->
      <class name="com.LinkedIn.testScripts.AtLoginInvalidBlankPassword">
        <test-method status="PASS" signature="openBrowser()[pri:0, instance:com.LinkedIn.testScripts.AtLoginInvalidBlankPassword@21bcffb5]" name="openBrowser" is-config="true" duration-ms="8988" started-at="2017-01-11T16:29:36Z" finished-at="2017-01-11T16:29:45Z">
          <reporter-output>
          </reporter-output>
        </test-method> <!-- openBrowser -->
        <test-method status="FAIL" signature="loginInvalidBlankPasswordTest()[pri:0, instance:com.LinkedIn.testScripts.AtLoginInvalidBlankPassword@21bcffb5]" name="loginInvalidBlankPasswordTest" duration-ms="1" started-at="2017-01-11T16:29:45Z" finished-at="2017-01-11T16:29:45Z">
          <exception class="java.io.FileNotFoundException">
            <message>
              <![CDATA[.\BrowserAndURL.xlsx (The system cannot find the file specified)]]>
            </message>
            <full-stacktrace>
              <![CDATA[java.io.FileNotFoundException: .\BrowserAndURL.xlsx (The system cannot find the file specified)
	at java.io.FileInputStream.open0(Native Method)
	at java.io.FileInputStream.open(Unknown Source)
	at java.io.FileInputStream.<init>(Unknown Source)
	at java.io.FileInputStream.<init>(Unknown Source)
	at com.LinkedIn.utilLibrary.GenericUtilLibrary.getCellValue(GenericUtilLibrary.java:15)
	at com.LinkedIn.testScripts.AtLoginInvalidBlankPassword.loginInvalidBlankPasswordTest(AtLoginInvalidBlankPassword.java:19)
	at sun.reflect.NativeMethodAccessorImpl.invoke0(Native Method)
	at sun.reflect.NativeMethodAccessorImpl.invoke(Unknown Source)
	at sun.reflect.DelegatingMethodAccessorImpl.invoke(Unknown Source)
	at java.lang.reflect.Method.invoke(Unknown Source)
	at org.testng.internal.MethodInvocationHelper.invokeMethod(MethodInvocationHelper.java:85)
	at org.testng.internal.Invoker.invokeMethod(Invoker.java:648)
	at org.testng.internal.Invoker.invokeTestMethod(Invoker.java:834)
	at org.testng.internal.Invoker.invokeTestMethods(Invoker.java:1142)
	at org.testng.internal.TestMethodWorker.invokeTestMethods(TestMethodWorker.java:124)
	at org.testng.internal.TestMethodWorker.run(TestMethodWorker.java:108)
	at org.testng.TestRunner.privateRun(TestRunner.java:771)
	at org.testng.TestRunner.run(TestRunner.java:621)
	at org.testng.SuiteRunner.runTest(SuiteRunner.java:357)
	at org.testng.SuiteRunner.runSequentially(SuiteRunner.java:352)
	at org.testng.SuiteRunner.privateRun(SuiteRunner.java:310)
	at org.testng.SuiteRunner.run(SuiteRunner.java:259)
	at org.testng.SuiteRunnerWorker.runSuite(SuiteRunnerWorker.java:52)
	at org.testng.SuiteRunnerWorker.run(SuiteRunnerWorker.java:86)
	at org.testng.TestNG.runSuitesSequentially(TestNG.java:1176)
	at org.testng.TestNG.runSuitesLocally(TestNG.java:1101)
	at org.testng.TestNG.run(TestNG.java:1009)
	at org.testng.remote.RemoteTestNG.run(RemoteTestNG.java:111)
	at org.testng.remote.RemoteTestNG.initAndRun(RemoteTestNG.java:204)
	at org.testng.remote.RemoteTestNG.main(RemoteTestNG.java:175)
]]>
            </full-stacktrace>
          </exception> <!-- java.io.FileNotFoundException -->
          <reporter-output>
          </reporter-output>
        </test-method> <!-- loginInvalidBlankPasswordTest -->
        <test-method status="PASS" signature="closeBrowser()[pri:0, instance:com.LinkedIn.testScripts.AtLoginInvalidBlankPassword@21bcffb5]" name="closeBrowser" is-config="true" duration-ms="429" started-at="2017-01-11T16:29:45Z" finished-at="2017-01-11T16:29:45Z">
          <reporter-output>
          </reporter-output>
        </test-method> <!-- closeBrowser -->
      </class> <!-- com.LinkedIn.testScripts.AtLoginInvalidBlankPassword -->
      <class name="com.LinkedIn.testScripts.AtLoginValidBack">
        <test-method status="PASS" signature="openBrowser()[pri:0, instance:com.LinkedIn.testScripts.AtLoginValidBack@60f82f98]" name="openBrowser" is-config="true" duration-ms="10272" started-at="2017-01-11T16:29:05Z" finished-at="2017-01-11T16:29:15Z">
          <reporter-output>
          </reporter-output>
        </test-method> <!-- openBrowser -->
        <test-method status="FAIL" signature="loginValidBackTest()[pri:0, instance:com.LinkedIn.testScripts.AtLoginValidBack@60f82f98]" name="loginValidBackTest" duration-ms="30" started-at="2017-01-11T16:29:15Z" finished-at="2017-01-11T16:29:15Z">
          <exception class="java.io.FileNotFoundException">
            <message>
              <![CDATA[.\BrowserAndURL.xlsx (The system cannot find the file specified)]]>
            </message>
            <full-stacktrace>
              <![CDATA[java.io.FileNotFoundException: .\BrowserAndURL.xlsx (The system cannot find the file specified)
	at java.io.FileInputStream.open0(Native Method)
	at java.io.FileInputStream.open(Unknown Source)
	at java.io.FileInputStream.<init>(Unknown Source)
	at java.io.FileInputStream.<init>(Unknown Source)
	at com.LinkedIn.utilLibrary.GenericUtilLibrary.getCellValue(GenericUtilLibrary.java:15)
	at com.LinkedIn.testScripts.AtLoginValidBack.loginValidBackTest(AtLoginValidBack.java:20)
	at sun.reflect.NativeMethodAccessorImpl.invoke0(Native Method)
	at sun.reflect.NativeMethodAccessorImpl.invoke(Unknown Source)
	at sun.reflect.DelegatingMethodAccessorImpl.invoke(Unknown Source)
	at java.lang.reflect.Method.invoke(Unknown Source)
	at org.testng.internal.MethodInvocationHelper.invokeMethod(MethodInvocationHelper.java:85)
	at org.testng.internal.Invoker.invokeMethod(Invoker.java:648)
	at org.testng.internal.Invoker.invokeTestMethod(Invoker.java:834)
	at org.testng.internal.Invoker.invokeTestMethods(Invoker.java:1142)
	at org.testng.internal.TestMethodWorker.invokeTestMethods(TestMethodWorker.java:124)
	at org.testng.internal.TestMethodWorker.run(TestMethodWorker.java:108)
	at org.testng.TestRunner.privateRun(TestRunner.java:771)
	at org.testng.TestRunner.run(TestRunner.java:621)
	at org.testng.SuiteRunner.runTest(SuiteRunner.java:357)
	at org.testng.SuiteRunner.runSequentially(SuiteRunner.java:352)
	at org.testng.SuiteRunner.privateRun(SuiteRunner.java:310)
	at org.testng.SuiteRunner.run(SuiteRunner.java:259)
	at org.testng.SuiteRunnerWorker.runSuite(SuiteRunnerWorker.java:52)
	at org.testng.SuiteRunnerWorker.run(SuiteRunnerWorker.java:86)
	at org.testng.TestNG.runSuitesSequentially(TestNG.java:1176)
	at org.testng.TestNG.runSuitesLocally(TestNG.java:1101)
	at org.testng.TestNG.run(TestNG.java:1009)
	at org.testng.remote.RemoteTestNG.run(RemoteTestNG.java:111)
	at org.testng.remote.RemoteTestNG.initAndRun(RemoteTestNG.java:204)
	at org.testng.remote.RemoteTestNG.main(RemoteTestNG.java:175)
]]>
            </full-stacktrace>
          </exception> <!-- java.io.FileNotFoundException -->
          <reporter-output>
          </reporter-output>
        </test-method> <!-- loginValidBackTest -->
        <test-method status="PASS" signature="closeBrowser()[pri:0, instance:com.LinkedIn.testScripts.AtLoginValidBack@60f82f98]" name="closeBrowser" is-config="true" duration-ms="416" started-at="2017-01-11T16:29:15Z" finished-at="2017-01-11T16:29:16Z">
          <reporter-output>
          </reporter-output>
        </test-method> <!-- closeBrowser -->
      </class> <!-- com.LinkedIn.testScripts.AtLoginValidBack -->
      <class name="com.LinkedIn.testScripts.AtLoginInvalidPassword">
        <test-method status="PASS" signature="openBrowser()[pri:0, instance:com.LinkedIn.testScripts.AtLoginInvalidPassword@380fb434]" name="openBrowser" is-config="true" duration-ms="9465" started-at="2017-01-11T16:29:45Z" finished-at="2017-01-11T16:29:54Z">
          <reporter-output>
          </reporter-output>
        </test-method> <!-- openBrowser -->
        <test-method status="FAIL" signature="loginInvalidPasswordTest()[pri:0, instance:com.LinkedIn.testScripts.AtLoginInvalidPassword@380fb434]" name="loginInvalidPasswordTest" duration-ms="3" started-at="2017-01-11T16:29:54Z" finished-at="2017-01-11T16:29:54Z">
          <exception class="java.io.FileNotFoundException">
            <message>
              <![CDATA[.\BrowserAndURL.xlsx (The system cannot find the file specified)]]>
            </message>
            <full-stacktrace>
              <![CDATA[java.io.FileNotFoundException: .\BrowserAndURL.xlsx (The system cannot find the file specified)
	at java.io.FileInputStream.open0(Native Method)
	at java.io.FileInputStream.open(Unknown Source)
	at java.io.FileInputStream.<init>(Unknown Source)
	at java.io.FileInputStream.<init>(Unknown Source)
	at com.LinkedIn.utilLibrary.GenericUtilLibrary.getCellValue(GenericUtilLibrary.java:15)
	at com.LinkedIn.testScripts.AtLoginInvalidPassword.loginInvalidPasswordTest(AtLoginInvalidPassword.java:20)
	at sun.reflect.NativeMethodAccessorImpl.invoke0(Native Method)
	at sun.reflect.NativeMethodAccessorImpl.invoke(Unknown Source)
	at sun.reflect.DelegatingMethodAccessorImpl.invoke(Unknown Source)
	at java.lang.reflect.Method.invoke(Unknown Source)
	at org.testng.internal.MethodInvocationHelper.invokeMethod(MethodInvocationHelper.java:85)
	at org.testng.internal.Invoker.invokeMethod(Invoker.java:648)
	at org.testng.internal.Invoker.invokeTestMethod(Invoker.java:834)
	at org.testng.internal.Invoker.invokeTestMethods(Invoker.java:1142)
	at org.testng.internal.TestMethodWorker.invokeTestMethods(TestMethodWorker.java:124)
	at org.testng.internal.TestMethodWorker.run(TestMethodWorker.java:108)
	at org.testng.TestRunner.privateRun(TestRunner.java:771)
	at org.testng.TestRunner.run(TestRunner.java:621)
	at org.testng.SuiteRunner.runTest(SuiteRunner.java:357)
	at org.testng.SuiteRunner.runSequentially(SuiteRunner.java:352)
	at org.testng.SuiteRunner.privateRun(SuiteRunner.java:310)
	at org.testng.SuiteRunner.run(SuiteRunner.java:259)
	at org.testng.SuiteRunnerWorker.runSuite(SuiteRunnerWorker.java:52)
	at org.testng.SuiteRunnerWorker.run(SuiteRunnerWorker.java:86)
	at org.testng.TestNG.runSuitesSequentially(TestNG.java:1176)
	at org.testng.TestNG.runSuitesLocally(TestNG.java:1101)
	at org.testng.TestNG.run(TestNG.java:1009)
	at org.testng.remote.RemoteTestNG.run(RemoteTestNG.java:111)
	at org.testng.remote.RemoteTestNG.initAndRun(RemoteTestNG.java:204)
	at org.testng.remote.RemoteTestNG.main(RemoteTestNG.java:175)
]]>
            </full-stacktrace>
          </exception> <!-- java.io.FileNotFoundException -->
          <reporter-output>
          </reporter-output>
        </test-method> <!-- loginInvalidPasswordTest -->
        <test-method status="PASS" signature="closeBrowser()[pri:0, instance:com.LinkedIn.testScripts.AtLoginInvalidPassword@380fb434]" name="closeBrowser" is-config="true" duration-ms="561" started-at="2017-01-11T16:29:54Z" finished-at="2017-01-11T16:29:55Z">
          <reporter-output>
          </reporter-output>
        </test-method> <!-- closeBrowser -->
      </class> <!-- com.LinkedIn.testScripts.AtLoginInvalidPassword -->
      <class name="com.LinkedIn.testScripts.AtLoginValid">
        <test-method status="PASS" signature="openBrowser()[pri:0, instance:com.LinkedIn.testScripts.AtLoginValid@5ebec15]" name="openBrowser" is-config="true" duration-ms="9479" started-at="2017-01-11T16:29:16Z" finished-at="2017-01-11T16:29:25Z">
          <reporter-output>
          </reporter-output>
        </test-method> <!-- openBrowser -->
        <test-method status="FAIL" signature="loginValidTest()[pri:0, instance:com.LinkedIn.testScripts.AtLoginValid@5ebec15]" name="loginValidTest" duration-ms="2" started-at="2017-01-11T16:29:25Z" finished-at="2017-01-11T16:29:25Z">
          <exception class="java.io.FileNotFoundException">
            <message>
              <![CDATA[.\BrowserAndURL.xlsx (The system cannot find the file specified)]]>
            </message>
            <full-stacktrace>
              <![CDATA[java.io.FileNotFoundException: .\BrowserAndURL.xlsx (The system cannot find the file specified)
	at java.io.FileInputStream.open0(Native Method)
	at java.io.FileInputStream.open(Unknown Source)
	at java.io.FileInputStream.<init>(Unknown Source)
	at java.io.FileInputStream.<init>(Unknown Source)
	at com.LinkedIn.utilLibrary.GenericUtilLibrary.getCellValue(GenericUtilLibrary.java:15)
	at com.LinkedIn.testScripts.AtLoginValid.loginValidTest(AtLoginValid.java:19)
	at sun.reflect.NativeMethodAccessorImpl.invoke0(Native Method)
	at sun.reflect.NativeMethodAccessorImpl.invoke(Unknown Source)
	at sun.reflect.DelegatingMethodAccessorImpl.invoke(Unknown Source)
	at java.lang.reflect.Method.invoke(Unknown Source)
	at org.testng.internal.MethodInvocationHelper.invokeMethod(MethodInvocationHelper.java:85)
	at org.testng.internal.Invoker.invokeMethod(Invoker.java:648)
	at org.testng.internal.Invoker.invokeTestMethod(Invoker.java:834)
	at org.testng.internal.Invoker.invokeTestMethods(Invoker.java:1142)
	at org.testng.internal.TestMethodWorker.invokeTestMethods(TestMethodWorker.java:124)
	at org.testng.internal.TestMethodWorker.run(TestMethodWorker.java:108)
	at org.testng.TestRunner.privateRun(TestRunner.java:771)
	at org.testng.TestRunner.run(TestRunner.java:621)
	at org.testng.SuiteRunner.runTest(SuiteRunner.java:357)
	at org.testng.SuiteRunner.runSequentially(SuiteRunner.java:352)
	at org.testng.SuiteRunner.privateRun(SuiteRunner.java:310)
	at org.testng.SuiteRunner.run(SuiteRunner.java:259)
	at org.testng.SuiteRunnerWorker.runSuite(SuiteRunnerWorker.java:52)
	at org.testng.SuiteRunnerWorker.run(SuiteRunnerWorker.java:86)
	at org.testng.TestNG.runSuitesSequentially(TestNG.java:1176)
	at org.testng.TestNG.runSuitesLocally(TestNG.java:1101)
	at org.testng.TestNG.run(TestNG.java:1009)
	at org.testng.remote.RemoteTestNG.run(RemoteTestNG.java:111)
	at org.testng.remote.RemoteTestNG.initAndRun(RemoteTestNG.java:204)
	at org.testng.remote.RemoteTestNG.main(RemoteTestNG.java:175)
]]>
            </full-stacktrace>
          </exception> <!-- java.io.FileNotFoundException -->
          <reporter-output>
          </reporter-output>
        </test-method> <!-- loginValidTest -->
        <test-method status="PASS" signature="closeBrowser()[pri:0, instance:com.LinkedIn.testScripts.AtLoginValid@5ebec15]" name="closeBrowser" is-config="true" duration-ms="453" started-at="2017-01-11T16:29:25Z" finished-at="2017-01-11T16:29:26Z">
          <reporter-output>
          </reporter-output>
        </test-method> <!-- closeBrowser -->
      </class> <!-- com.LinkedIn.testScripts.AtLoginValid -->
    </test> <!-- Default test -->
  </suite> <!-- Default suite -->
</testng-results>
